2017-12-05|11:24:27.290|[main]|INFO |o.s.c.a.AnnotationConfigApplicationContext - Refreshing org.springframework.context.annotation.AnnotationConfigApplicationContext@413d1baf: startup date [Tue Dec 05 11:24:27 IST 2017]; root of context hierarchy 
2017-12-05|11:24:27.619|[background-preinit]|INFO |o.h.validator.internal.util.Version - HV000001: Hibernate Validator 5.3.5.Final 
2017-12-05|11:24:27.915|[main]|INFO |o.s.b.f.a.AutowiredAnnotationBeanPostProcessor - JSR-330 'javax.inject.Inject' annotation found and supported for autowiring 
2017-12-05|11:24:28.071|[main]|INFO |o.s.c.s.PostProcessorRegistrationDelegate$BeanPostProcessorChecker - Bean 'configurationPropertiesRebinderAutoConfiguration' of type [org.springframework.cloud.autoconfigure.ConfigurationPropertiesRebinderAutoConfiguration$$EnhancerBySpringCGLIB$$6b8589ec] is not eligible for getting processed by all BeanPostProcessors (for example: not eligible for auto-proxying) 
2017-12-05|11:24:30.007|[main]|INFO |o.s.c.c.c.ConfigServicePropertySourceLocator - Fetching config from server at: http://localhost.shinigami.io:8761/config/ 
2017-12-05|11:24:31.568|[main]|INFO |o.s.c.c.c.ConfigServicePropertySourceLocator - Located environment: name=course-catagory, profiles=[local], label=master, version=null, state=null 
2017-12-05|11:24:31.568|[main]|INFO |o.s.c.b.c.PropertySourceBootstrapConfiguration - Located property source: CompositePropertySource [name='configService', propertySources=[MapPropertySource {name='classpath:/spring-config/course-catagory-local.yml'}, MapPropertySource {name='classpath:/spring-config/application-local.properties'}, MapPropertySource {name='classpath:/spring-config/application.properties'}, MapPropertySource {name='classpath:/spring-config/application.yml'}]] 
2017-12-05|11:24:31.631|[main]|INFO |i.l.m.catagory.CourseCatagoryServer - The following profiles are active: local 
2017-12-05|11:24:31.678|[main]|INFO |o.s.b.c.e.AnnotationConfigEmbeddedWebApplicationContext - Refreshing org.springframework.boot.context.embedded.AnnotationConfigEmbeddedWebApplicationContext@5fb97279: startup date [Tue Dec 05 11:24:31 IST 2017]; parent: org.springframework.context.annotation.AnnotationConfigApplicationContext@413d1baf 
2017-12-05|11:24:36.003|[main]|INFO |o.s.d.r.c.RepositoryConfigurationDelegate - Multiple Spring Data modules found, entering strict repository configuration mode! 
2017-12-05|11:24:36.067|[main]|INFO |o.s.d.r.c.RepositoryConfigurationDelegate - Multiple Spring Data modules found, entering strict repository configuration mode! 
2017-12-05|11:24:36.550|[main]|INFO |o.s.c.context.scope.GenericScope - BeanFactory id=fb33c3f1-d71d-3624-b6b2-689625dfe14b 
2017-12-05|11:24:36.613|[main]|INFO |o.s.b.f.a.AutowiredAnnotationBeanPostProcessor - JSR-330 'javax.inject.Inject' annotation found and supported for autowiring 
2017-12-05|11:24:36.819|[main]|INFO |o.s.c.s.PostProcessorRegistrationDelegate$BeanPostProcessorChecker - Bean 'baseServer' of type [io.lms.micro.services.server.base.BaseServer$$EnhancerBySpringCGLIB$$712773c] is not eligible for getting processed by all BeanPostProcessors (for example: not eligible for auto-proxying) 
2017-12-05|11:24:36.819|[main]|INFO |o.s.s.c.ThreadPoolTaskExecutor - Initializing ExecutorService  
2017-12-05|11:24:37.131|[main]|INFO |o.s.c.s.PostProcessorRegistrationDelegate$BeanPostProcessorChecker - Bean 'org.springframework.security.config.annotation.configuration.ObjectPostProcessorConfiguration' of type [org.springframework.security.config.annotation.configuration.ObjectPostProcessorConfiguration$$EnhancerBySpringCGLIB$$e8194f29] is not eligible for getting processed by all BeanPostProcessors (for example: not eligible for auto-proxying) 
2017-12-05|11:24:37.491|[main]|INFO |o.s.c.s.PostProcessorRegistrationDelegate$BeanPostProcessorChecker - Bean 'objectPostProcessor' of type [org.springframework.security.config.annotation.configuration.AutowireBeanFactoryObjectPostProcessor] is not eligible for getting processed by all BeanPostProcessors (for example: not eligible for auto-proxying) 
2017-12-05|11:24:37.522|[main]|INFO |o.s.c.s.PostProcessorRegistrationDelegate$BeanPostProcessorChecker - Bean 'org.springframework.security.access.expression.method.DefaultMethodSecurityExpressionHandler@3dfd7eaa' of type [org.springframework.security.oauth2.provider.expression.OAuth2MethodSecurityExpressionHandler] is not eligible for getting processed by all BeanPostProcessors (for example: not eligible for auto-proxying) 
2017-12-05|11:24:37.554|[main]|INFO |o.s.c.s.PostProcessorRegistrationDelegate$BeanPostProcessorChecker - Bean 'org.springframework.security.config.annotation.method.configuration.GlobalMethodSecurityConfiguration' of type [org.springframework.security.config.annotation.method.configuration.GlobalMethodSecurityConfiguration$$EnhancerBySpringCGLIB$$cedf1db] is not eligible for getting processed by all BeanPostProcessors (for example: not eligible for auto-proxying) 
2017-12-05|11:24:37.710|[main]|INFO |o.s.c.s.PostProcessorRegistrationDelegate$BeanPostProcessorChecker - Bean 'methodSecurityMetadataSource' of type [org.springframework.security.access.method.DelegatingMethodSecurityMetadataSource] is not eligible for getting processed by all BeanPostProcessors (for example: not eligible for auto-proxying) 
2017-12-05|11:24:37.788|[main]|INFO |o.s.c.s.PostProcessorRegistrationDelegate$BeanPostProcessorChecker - Bean 'org.springframework.transaction.annotation.ProxyTransactionManagementConfiguration' of type [org.springframework.transaction.annotation.ProxyTransactionManagementConfiguration$$EnhancerBySpringCGLIB$$4f6b86ef] is not eligible for getting processed by all BeanPostProcessors (for example: not eligible for auto-proxying) 
2017-12-05|11:24:38.053|[main]|INFO |o.s.c.s.PostProcessorRegistrationDelegate$BeanPostProcessorChecker - Bean 'security.oauth2.client-org.springframework.boot.autoconfigure.security.oauth2.OAuth2ClientProperties' of type [org.springframework.boot.autoconfigure.security.oauth2.OAuth2ClientProperties] is not eligible for getting processed by all BeanPostProcessors (for example: not eligible for auto-proxying) 
2017-12-05|11:24:38.084|[main]|INFO |o.s.c.s.PostProcessorRegistrationDelegate$BeanPostProcessorChecker - Bean 'org.springframework.boot.autoconfigure.security.oauth2.OAuth2AutoConfiguration' of type [org.springframework.boot.autoconfigure.security.oauth2.OAuth2AutoConfiguration$$EnhancerBySpringCGLIB$$6b542ef] is not eligible for getting processed by all BeanPostProcessors (for example: not eligible for auto-proxying) 
2017-12-05|11:24:38.146|[main]|INFO |o.s.c.s.PostProcessorRegistrationDelegate$BeanPostProcessorChecker - Bean 'resourceServerProperties' of type [org.springframework.boot.autoconfigure.security.oauth2.resource.ResourceServerProperties] is not eligible for getting processed by all BeanPostProcessors (for example: not eligible for auto-proxying) 
2017-12-05|11:24:38.225|[main]|INFO |o.s.c.s.PostProcessorRegistrationDelegate$BeanPostProcessorChecker - Bean 'org.apache.camel.spring.boot.CamelAutoConfiguration' of type [org.apache.camel.spring.boot.CamelAutoConfiguration$$EnhancerBySpringCGLIB$$71954d0e] is not eligible for getting processed by all BeanPostProcessors (for example: not eligible for auto-proxying) 
2017-12-05|11:24:38.397|[main]|INFO |o.s.c.s.PostProcessorRegistrationDelegate$BeanPostProcessorChecker - Bean 'org.springframework.cloud.netflix.metrics.MetricsInterceptorConfiguration$MetricsRestTemplateConfiguration' of type [org.springframework.cloud.netflix.metrics.MetricsInterceptorConfiguration$MetricsRestTemplateConfiguration$$EnhancerBySpringCGLIB$$81982d30] is not eligible for getting processed by all BeanPostProcessors (for example: not eligible for auto-proxying) 
2017-12-05|11:24:38.459|[main]|INFO |o.s.c.s.PostProcessorRegistrationDelegate$BeanPostProcessorChecker - Bean 'org.springframework.cloud.autoconfigure.ConfigurationPropertiesRebinderAutoConfiguration' of type [org.springframework.cloud.autoconfigure.ConfigurationPropertiesRebinderAutoConfiguration$$EnhancerBySpringCGLIB$$6b8589ec] is not eligible for getting processed by all BeanPostProcessors (for example: not eligible for auto-proxying) 
2017-12-05|11:24:40.253|[main]|INFO |o.s.b.c.e.t.TomcatEmbeddedServletContainer - Tomcat initialized with port(s): 6001 (http) 
2017-12-05|11:24:40.286|[main]|INFO |o.a.catalina.core.StandardService - Starting service [Tomcat] 
2017-12-05|11:24:40.286|[main]|INFO |o.a.catalina.core.StandardEngine - Starting Servlet Engine: Apache Tomcat/8.5.20 
2017-12-05|11:24:40.738|[localhost-startStop-1]|INFO |o.a.c.c.C.[Tomcat].[localhost].[/] - Initializing Spring embedded WebApplicationContext 
2017-12-05|11:24:40.816|[localhost-startStop-1]|WARN |c.n.c.s.URLConfigurationSource - No URLs will be polled as dynamic configuration sources. 
2017-12-05|11:24:40.816|[localhost-startStop-1]|INFO |c.n.c.s.URLConfigurationSource - To enable URLs as dynamic configuration sources, define System property archaius.configurationSource.additionalUrls or make config.properties available on classpath. 
2017-12-05|11:24:40.832|[localhost-startStop-1]|INFO |c.n.config.DynamicPropertyFactory - DynamicPropertyFactory is initialized with configuration sources: com.netflix.config.ConcurrentCompositeConfiguration@65cf2635 
2017-12-05|11:24:42.774|[localhost-startStop-1]|INFO |i.l.s.BaseBasicAuthenticationEntryPoint - After PropertiesSet Authenticating Entry Point.... 
2017-12-05|11:24:44.382|[localhost-startStop-1]|INFO |o.s.b.w.s.FilterRegistrationBean - Mapping filter: 'metricsFilter' to: [/*] 
2017-12-05|11:24:44.382|[localhost-startStop-1]|INFO |o.s.b.w.s.FilterRegistrationBean - Mapping filter: 'characterEncodingFilter' to: [/*] 
2017-12-05|11:24:44.382|[localhost-startStop-1]|INFO |o.s.b.w.s.FilterRegistrationBean - Mapping filter: 'hiddenHttpMethodFilter' to: [/*] 
2017-12-05|11:24:44.382|[localhost-startStop-1]|INFO |o.s.b.w.s.FilterRegistrationBean - Mapping filter: 'httpPutFormContentFilter' to: [/*] 
2017-12-05|11:24:44.382|[localhost-startStop-1]|INFO |o.s.b.w.s.FilterRegistrationBean - Mapping filter: 'requestContextFilter' to: [/*] 
2017-12-05|11:24:44.382|[localhost-startStop-1]|INFO |o.s.b.w.s.DelegatingFilterProxyRegistrationBean - Mapping filter: 'springSecurityFilterChain' to: [/*] 
2017-12-05|11:24:44.382|[localhost-startStop-1]|INFO |o.s.b.w.s.FilterRegistrationBean - Mapping filter: 'webRequestLoggingFilter' to: [/*] 
2017-12-05|11:24:44.382|[localhost-startStop-1]|INFO |o.s.b.w.s.FilterRegistrationBean - Mapping filter: 'baseBasicAuthenticationFilter' to urls: [/api/**] 
2017-12-05|11:24:44.382|[localhost-startStop-1]|INFO |o.a.catalina.core.StandardContext - Suspicious url pattern: "/api/**" in context [] - see sections 12.1 and 12.2 of the Servlet specification 
2017-12-05|11:24:44.382|[localhost-startStop-1]|INFO |o.s.b.w.s.FilterRegistrationBean - Mapping filter: 'applicationContextIdFilter' to: [/*] 
2017-12-05|11:24:44.382|[localhost-startStop-1]|INFO |o.s.b.w.s.ServletRegistrationBean - Mapping servlet: 'hystrixMetricsStreamServlet' to [/hystrix.stream] 
2017-12-05|11:24:44.382|[localhost-startStop-1]|INFO |o.s.b.w.s.ServletRegistrationBean - Mapping servlet: 'dispatcherServlet' to [/] 
2017-12-05|11:24:44.431|[localhost-startStop-1]|DEBUG|i.l.s.BaseBasicAuthenticationFilter - Initializing filter 'baseBasicAuthenticationFilter' 
2017-12-05|11:24:44.431|[localhost-startStop-1]|DEBUG|i.l.s.BaseBasicAuthenticationFilter - Filter 'baseBasicAuthenticationFilter' configured successfully 
2017-12-05|11:24:46.256|[main]|INFO |o.s.o.j.LocalContainerEntityManagerFactoryBean - Building JPA container EntityManagerFactory for persistence unit 'default' 
2017-12-05|11:24:46.288|[main]|INFO |o.h.jpa.internal.util.LogHelper - HHH000204: Processing PersistenceUnitInfo [
	name: default
	...] 
2017-12-05|11:24:46.460|[main]|INFO |org.hibernate.Version - HHH000412: Hibernate Core {5.0.12.Final} 
2017-12-05|11:24:46.460|[main]|INFO |org.hibernate.cfg.Environment - HHH000206: hibernate.properties not found 
2017-12-05|11:24:46.460|[main]|INFO |org.hibernate.cfg.Environment - HHH000021: Bytecode provider name : javassist 
2017-12-05|11:24:46.584|[main]|INFO |o.h.annotations.common.Version - HCANN000001: Hibernate Commons Annotations {5.0.1.Final} 
2017-12-05|11:24:46.943|[main]|INFO |org.hibernate.dialect.Dialect - HHH000400: Using dialect: org.hibernate.dialect.HSQLDialect 
2017-12-05|11:24:47.505|[main]|INFO |o.h.tool.hbm2ddl.SchemaExport - HHH000227: Running hbm2ddl schema export 
2017-12-05|11:24:47.520|[main]|INFO |o.h.tool.hbm2ddl.SchemaExport - HHH000230: Schema export complete 
2017-12-05|11:24:47.562|[main]|INFO |o.s.o.j.LocalContainerEntityManagerFactoryBean - Initialized JPA EntityManagerFactory for persistence unit 'default' 
2017-12-05|11:24:49.668|[main]|INFO |org.mongodb.driver.cluster - Cluster created with settings {hosts=[localhost:27017], mode=SINGLE, requiredClusterType=UNKNOWN, serverSelectionTimeout='30000 ms', maxWaitQueueSize=500} 
2017-12-05|11:24:50.792|[cluster-ClusterId{value='5a2634a901202b2258a5598e', description='null'}-localhost:27017]|INFO |org.mongodb.driver.cluster - Exception in monitor thread while connecting to server localhost:27017 
com.mongodb.MongoSocketOpenException: Exception opening socket
	at com.mongodb.connection.SocketStream.open(SocketStream.java:63)
	at com.mongodb.connection.InternalStreamConnection.open(InternalStreamConnection.java:115)
	at com.mongodb.connection.DefaultServerMonitor$ServerMonitorRunnable.run(DefaultServerMonitor.java:113)
	at java.lang.Thread.run(Thread.java:745)
Caused by: java.net.ConnectException: Connection refused: connect
	at java.net.DualStackPlainSocketImpl.waitForConnect(Native Method)
	at java.net.DualStackPlainSocketImpl.socketConnect(DualStackPlainSocketImpl.java:85)
	at java.net.AbstractPlainSocketImpl.doConnect(AbstractPlainSocketImpl.java:350)
	at java.net.AbstractPlainSocketImpl.connectToAddress(AbstractPlainSocketImpl.java:206)
	at java.net.AbstractPlainSocketImpl.connect(AbstractPlainSocketImpl.java:188)
	at java.net.PlainSocketImpl.connect(PlainSocketImpl.java:172)
	at java.net.SocksSocketImpl.connect(SocksSocketImpl.java:392)
	at java.net.Socket.connect(Socket.java:589)
	at com.mongodb.connection.SocketStreamHelper.initialize(SocketStreamHelper.java:57)
	at com.mongodb.connection.SocketStream.open(SocketStream.java:58)
	... 3 common frames omitted
2017-12-05|11:25:01.834|[main]|INFO |o.s.b.a.e.m.EndpointHandlerMapping - Mapped "{[/admin/autoconfig || /admin/autoconfig.json],methods=[GET],produces=[application/vnd.spring-boot.actuator.v1+json || application/json]}" onto public java.lang.Object org.springframework.boot.actuate.endpoint.mvc.EndpointMvcAdapter.invoke() 
2017-12-05|11:25:01.835|[main]|INFO |o.s.b.a.e.m.EndpointHandlerMapping - Mapped "{[/admin/features || /admin/features.json],methods=[GET],produces=[application/vnd.spring-boot.actuator.v1+json || application/json]}" onto public java.lang.Object org.springframework.boot.actuate.endpoint.mvc.EndpointMvcAdapter.invoke() 
2017-12-05|11:25:01.835|[main]|INFO |o.s.b.a.e.m.EndpointHandlerMapping - Mapped "{[/admin/trace || /admin/trace.json],methods=[GET],produces=[application/vnd.spring-boot.actuator.v1+json || application/json]}" onto public java.lang.Object org.springframework.boot.actuate.endpoint.mvc.EndpointMvcAdapter.invoke() 
2017-12-05|11:25:01.835|[main]|INFO |o.s.b.a.e.m.EndpointHandlerMapping - Mapped "{[/admin/heapdump || /admin/heapdump.json],methods=[GET],produces=[application/octet-stream]}" onto public void org.springframework.boot.actuate.endpoint.mvc.HeapdumpMvcEndpoint.invoke(boolean,javax.servlet.http.HttpServletRequest,javax.servlet.http.HttpServletResponse) throws java.io.IOException,javax.servlet.ServletException 
2017-12-05|11:25:01.835|[main]|INFO |o.s.b.a.e.m.EndpointHandlerMapping - Mapped "{[/admin/loggers/{name:.*}],methods=[GET],produces=[application/vnd.spring-boot.actuator.v1+json || application/json]}" onto public java.lang.Object org.springframework.boot.actuate.endpoint.mvc.LoggersMvcEndpoint.get(java.lang.String) 
2017-12-05|11:25:01.835|[main]|INFO |o.s.b.a.e.m.EndpointHandlerMapping - Mapped "{[/admin/loggers/{name:.*}],methods=[POST],consumes=[application/vnd.spring-boot.actuator.v1+json || application/json],produces=[application/vnd.spring-boot.actuator.v1+json || application/json]}" onto public java.lang.Object org.springframework.boot.actuate.endpoint.mvc.LoggersMvcEndpoint.set(java.lang.String,java.util.Map<java.lang.String, java.lang.String>) 
2017-12-05|11:25:01.835|[main]|INFO |o.s.b.a.e.m.EndpointHandlerMapping - Mapped "{[/admin/loggers || /admin/loggers.json],methods=[GET],produces=[application/vnd.spring-boot.actuator.v1+json || application/json]}" onto public java.lang.Object org.springframework.boot.actuate.endpoint.mvc.EndpointMvcAdapter.invoke() 
2017-12-05|11:25:01.835|[main]|INFO |o.s.b.a.e.m.EndpointHandlerMapping - Mapped "{[/admin/refresh || /admin/refresh.json],methods=[POST]}" onto public java.lang.Object org.springframework.cloud.endpoint.GenericPostableMvcEndpoint.invoke() 
2017-12-05|11:25:01.835|[main]|INFO |o.s.b.a.e.m.EndpointHandlerMapping - Mapped "{[/admin/archaius || /admin/archaius.json],methods=[GET],produces=[application/vnd.spring-boot.actuator.v1+json || application/json]}" onto public java.lang.Object org.springframework.boot.actuate.endpoint.mvc.EndpointMvcAdapter.invoke() 
2017-12-05|11:25:01.835|[main]|INFO |o.s.b.a.e.m.EndpointHandlerMapping - Mapped "{[/admin/configprops || /admin/configprops.json],methods=[GET],produces=[application/vnd.spring-boot.actuator.v1+json || application/json]}" onto public java.lang.Object org.springframework.boot.actuate.endpoint.mvc.EndpointMvcAdapter.invoke() 
2017-12-05|11:25:01.835|[main]|INFO |o.s.b.a.e.m.EndpointHandlerMapping - Mapped "{[/admin/resume || /admin/resume.json],methods=[POST]}" onto public java.lang.Object org.springframework.cloud.endpoint.GenericPostableMvcEndpoint.invoke() 
2017-12-05|11:25:01.851|[main]|INFO |o.s.b.a.e.m.EndpointHandlerMapping - Mapped "{[/admin/service-registry/instance-status],methods=[GET]}" onto public org.springframework.http.ResponseEntity org.springframework.cloud.client.serviceregistry.endpoint.ServiceRegistryEndpoint.getStatus() 
2017-12-05|11:25:01.866|[main]|INFO |o.s.b.a.e.m.EndpointHandlerMapping - Mapped "{[/admin/service-registry/instance-status],methods=[POST]}" onto public org.springframework.http.ResponseEntity<?> org.springframework.cloud.client.serviceregistry.endpoint.ServiceRegistryEndpoint.setStatus(java.lang.String) 
2017-12-05|11:25:01.866|[main]|INFO |o.s.b.a.e.m.EndpointHandlerMapping - Mapped "{[/admin/mappings || /admin/mappings.json],methods=[GET],produces=[application/vnd.spring-boot.actuator.v1+json || application/json]}" onto public java.lang.Object org.springframework.boot.actuate.endpoint.mvc.EndpointMvcAdapter.invoke() 
2017-12-05|11:25:01.866|[main]|INFO |o.s.b.a.e.m.EndpointHandlerMapping - Mapped "{[/admin/auditevents || /admin/auditevents.json],methods=[GET],produces=[application/vnd.spring-boot.actuator.v1+json || application/json]}" onto public org.springframework.http.ResponseEntity<?> org.springframework.boot.actuate.endpoint.mvc.AuditEventsMvcEndpoint.findByPrincipalAndAfterAndType(java.lang.String,java.util.Date,java.lang.String) 
2017-12-05|11:25:01.866|[main]|INFO |o.s.b.a.e.m.EndpointHandlerMapping - Mapped "{[/admin/dump || /admin/dump.json],methods=[GET],produces=[application/vnd.spring-boot.actuator.v1+json || application/json]}" onto public java.lang.Object org.springframework.boot.actuate.endpoint.mvc.EndpointMvcAdapter.invoke() 
2017-12-05|11:25:01.866|[main]|INFO |o.s.b.a.e.m.EndpointHandlerMapping - Mapped "{[/admin/health || /admin/health.json],methods=[GET],produces=[application/vnd.spring-boot.actuator.v1+json || application/json]}" onto public java.lang.Object org.springframework.boot.actuate.endpoint.mvc.HealthMvcEndpoint.invoke(javax.servlet.http.HttpServletRequest,java.security.Principal) 
2017-12-05|11:25:01.866|[main]|INFO |o.s.b.a.e.m.EndpointHandlerMapping - Mapped "{[/admin/shutdown || /admin/shutdown.json],methods=[POST],produces=[application/vnd.spring-boot.actuator.v1+json || application/json]}" onto public java.lang.Object org.springframework.boot.actuate.endpoint.mvc.ShutdownMvcEndpoint.invoke() 
2017-12-05|11:25:01.866|[main]|INFO |o.s.b.a.e.m.EndpointHandlerMapping - Mapped "{[/admin/pause || /admin/pause.json],methods=[POST]}" onto public java.lang.Object org.springframework.cloud.endpoint.GenericPostableMvcEndpoint.invoke() 
2017-12-05|11:25:01.866|[main]|INFO |o.s.b.a.e.m.EndpointHandlerMapping - Mapped "{[/admin/env/{name:.*}],methods=[GET],produces=[application/vnd.spring-boot.actuator.v1+json || application/json]}" onto public java.lang.Object org.springframework.boot.actuate.endpoint.mvc.EnvironmentMvcEndpoint.value(java.lang.String) 
2017-12-05|11:25:01.866|[main]|INFO |o.s.b.a.e.m.EndpointHandlerMapping - Mapped "{[/admin/env || /admin/env.json],methods=[GET],produces=[application/vnd.spring-boot.actuator.v1+json || application/json]}" onto public java.lang.Object org.springframework.boot.actuate.endpoint.mvc.EndpointMvcAdapter.invoke() 
2017-12-05|11:25:01.866|[main]|INFO |o.s.b.a.e.m.EndpointHandlerMapping - Mapped "{[/admin/hystrix.stream/**]}" onto public org.springframework.web.servlet.ModelAndView org.springframework.cloud.netflix.endpoint.ServletWrappingEndpoint.handle(javax.servlet.http.HttpServletRequest,javax.servlet.http.HttpServletResponse) throws java.lang.Exception 
2017-12-05|11:25:01.866|[main]|INFO |o.s.b.a.e.m.EndpointHandlerMapping - Mapped "{[/admin/metrics/{name:.*}],methods=[GET],produces=[application/vnd.spring-boot.actuator.v1+json || application/json]}" onto public java.lang.Object org.springframework.boot.actuate.endpoint.mvc.MetricsMvcEndpoint.value(java.lang.String) 
2017-12-05|11:25:01.866|[main]|INFO |o.s.b.a.e.m.EndpointHandlerMapping - Mapped "{[/admin/metrics || /admin/metrics.json],methods=[GET],produces=[application/vnd.spring-boot.actuator.v1+json || application/json]}" onto public java.lang.Object org.springframework.boot.actuate.endpoint.mvc.EndpointMvcAdapter.invoke() 
2017-12-05|11:25:01.866|[main]|INFO |o.s.b.a.e.m.EndpointHandlerMapping - Mapped "{[/admin/env],methods=[POST]}" onto public java.lang.Object org.springframework.cloud.context.environment.EnvironmentManagerMvcEndpoint.value(java.util.Map<java.lang.String, java.lang.String>) 
2017-12-05|11:25:01.866|[main]|INFO |o.s.b.a.e.m.EndpointHandlerMapping - Mapped "{[/admin/env/reset],methods=[POST]}" onto public java.util.Map<java.lang.String, java.lang.Object> org.springframework.cloud.context.environment.EnvironmentManagerMvcEndpoint.reset() 
2017-12-05|11:25:01.866|[main]|INFO |o.s.b.a.e.m.EndpointHandlerMapping - Mapped "{[/admin/info || /admin/info.json],methods=[GET],produces=[application/vnd.spring-boot.actuator.v1+json || application/json]}" onto public java.lang.Object org.springframework.boot.actuate.endpoint.mvc.EndpointMvcAdapter.invoke() 
2017-12-05|11:25:01.866|[main]|INFO |o.s.b.a.e.m.EndpointHandlerMapping - Mapped "{[/admin/restart || /admin/restart.json],methods=[POST]}" onto public java.lang.Object org.springframework.cloud.context.restart.RestartMvcEndpoint.invoke() 
2017-12-05|11:25:01.882|[main]|INFO |o.s.b.a.e.m.EndpointHandlerMapping - Mapped "{[/admin/beans || /admin/beans.json],methods=[GET],produces=[application/vnd.spring-boot.actuator.v1+json || application/json]}" onto public java.lang.Object org.springframework.boot.actuate.endpoint.mvc.EndpointMvcAdapter.invoke() 
2017-12-05|11:25:02.911|[main]|INFO |s.d.s.w.PropertySourcedRequestMappingHandlerMapping - Mapped URL path [/v2/api-docs] onto method [public org.springframework.http.ResponseEntity<springfox.documentation.spring.web.json.Json> springfox.documentation.swagger2.web.Swagger2Controller.getDocumentation(java.lang.String,javax.servlet.http.HttpServletRequest)] 
2017-12-05|11:25:05.055|[main]|INFO |o.s.s.w.DefaultSecurityFilterChain - Creating filter chain: Ant [pattern='/hystrix.stream'], [] 
2017-12-05|11:25:05.055|[main]|INFO |o.s.s.w.DefaultSecurityFilterChain - Creating filter chain: Ant [pattern='/turbine.stream'], [] 
2017-12-05|11:25:05.555|[main]|INFO |o.s.s.w.DefaultSecurityFilterChain - Creating filter chain: Ant [pattern='/**'], [org.springframework.security.web.context.request.async.WebAsyncManagerIntegrationFilter@26e199ed, org.springframework.security.web.context.SecurityContextPersistenceFilter@4497fcd9, org.springframework.security.web.header.HeaderWriterFilter@7ce87db5, org.springframework.security.web.authentication.logout.LogoutFilter@321d39cc, org.springframework.security.web.authentication.www.BasicAuthenticationFilter@442612a6, org.springframework.security.web.savedrequest.RequestCacheAwareFilter@4c006046, org.springframework.security.web.servletapi.SecurityContextHolderAwareRequestFilter@189e986f, org.springframework.security.web.authentication.AnonymousAuthenticationFilter@46d8d38, org.springframework.security.web.session.SessionManagementFilter@750afe12, org.springframework.security.web.access.ExceptionTranslationFilter@636e6791, org.springframework.security.web.access.intercept.FilterSecurityInterceptor@328a1843] 
2017-12-05|11:25:05.711|[main]|INFO |o.s.s.w.DefaultSecurityFilterChain - Creating filter chain: org.springframework.security.web.util.matcher.AnyRequestMatcher@1, [org.springframework.security.web.context.request.async.WebAsyncManagerIntegrationFilter@79a68d4e, org.springframework.security.web.context.SecurityContextPersistenceFilter@530dd2d7, org.springframework.security.web.header.HeaderWriterFilter@257ba195, org.springframework.security.web.authentication.logout.LogoutFilter@17563b82, org.springframework.security.oauth2.provider.authentication.OAuth2AuthenticationProcessingFilter@2954be42, org.springframework.security.web.savedrequest.RequestCacheAwareFilter@3e6f3ad5, org.springframework.security.web.servletapi.SecurityContextHolderAwareRequestFilter@46e05384, org.springframework.security.web.authentication.AnonymousAuthenticationFilter@2cde0397, org.springframework.security.web.session.SessionManagementFilter@3a9d6f5d, org.springframework.security.web.access.ExceptionTranslationFilter@75630d9e, org.springframework.security.web.access.intercept.FilterSecurityInterceptor@5be17e53] 
2017-12-05|11:25:07.621|[main]|WARN |c.n.c.s.URLConfigurationSource - No URLs will be polled as dynamic configuration sources. 
2017-12-05|11:25:07.621|[main]|INFO |c.n.c.s.URLConfigurationSource - To enable URLs as dynamic configuration sources, define System property archaius.configurationSource.additionalUrls or make config.properties available on classpath. 
2017-12-05|11:25:12.314|[main]|INFO |o.a.c.i.c.DefaultTypeConverter - Loaded 190 type converters 
2017-12-05|11:25:15.731|[main]|INFO |o.s.u.f.SpringTemplateLoader - SpringTemplateLoader for FreeMarker: using resource loader [org.springframework.boot.context.embedded.AnnotationConfigEmbeddedWebApplicationContext@5fb97279: startup date [Tue Dec 05 11:24:31 IST 2017]; parent: org.springframework.context.annotation.AnnotationConfigApplicationContext@413d1baf] and template loader path [classpath:/templates/] 
2017-12-05|11:25:18.884|[main]|INFO |o.s.j.e.a.AnnotationMBeanExporter - Registering beans for JMX exposure on startup 
2017-12-05|11:25:18.916|[main]|INFO |o.s.j.e.a.AnnotationMBeanExporter - Bean with name 'environmentManager' has been autodetected for JMX exposure 
2017-12-05|11:25:18.916|[main]|INFO |o.s.j.e.a.AnnotationMBeanExporter - Bean with name 'configurationPropertiesRebinder' has been autodetected for JMX exposure 
2017-12-05|11:25:18.916|[main]|INFO |o.s.j.e.a.AnnotationMBeanExporter - Bean with name 'refreshEndpoint' has been autodetected for JMX exposure 
2017-12-05|11:25:18.916|[main]|INFO |o.s.j.e.a.AnnotationMBeanExporter - Bean with name 'restartEndpoint' has been autodetected for JMX exposure 
2017-12-05|11:25:18.916|[main]|INFO |o.s.j.e.a.AnnotationMBeanExporter - Bean with name 'serviceRegistryEndpoint' has been autodetected for JMX exposure 
2017-12-05|11:25:18.916|[main]|INFO |o.s.j.e.a.AnnotationMBeanExporter - Bean with name 'refreshScope' has been autodetected for JMX exposure 
2017-12-05|11:25:18.931|[main]|INFO |o.s.j.e.a.AnnotationMBeanExporter - Located managed bean 'environmentManager': registering with JMX server as MBean [org.springframework.cloud.context.environment:name=environmentManager,type=EnvironmentManager] 
2017-12-05|11:25:18.947|[main]|INFO |o.s.j.e.a.AnnotationMBeanExporter - Located managed bean 'restartEndpoint': registering with JMX server as MBean [org.springframework.cloud.context.restart:name=restartEndpoint,type=RestartEndpoint] 
2017-12-05|11:25:18.978|[main]|INFO |o.s.j.e.a.AnnotationMBeanExporter - Located managed bean 'serviceRegistryEndpoint': registering with JMX server as MBean [org.springframework.cloud.client.serviceregistry.endpoint:name=serviceRegistryEndpoint,type=ServiceRegistryEndpoint] 
2017-12-05|11:25:18.978|[main]|INFO |o.s.j.e.a.AnnotationMBeanExporter - Located managed bean 'refreshScope': registering with JMX server as MBean [org.springframework.cloud.context.scope.refresh:name=refreshScope,type=RefreshScope] 
2017-12-05|11:25:19.009|[main]|INFO |o.s.j.e.a.AnnotationMBeanExporter - Located managed bean 'configurationPropertiesRebinder': registering with JMX server as MBean [org.springframework.cloud.context.properties:name=configurationPropertiesRebinder,context=5fb97279,type=ConfigurationPropertiesRebinder] 
2017-12-05|11:25:19.041|[main]|INFO |o.s.j.e.a.AnnotationMBeanExporter - Located managed bean 'refreshEndpoint': registering with JMX server as MBean [org.springframework.cloud.endpoint:name=refreshEndpoint,type=RefreshEndpoint] 
2017-12-05|11:25:19.041|[main]|INFO |o.s.b.a.e.jmx.EndpointMBeanExporter - Registering beans for JMX exposure on startup 
2017-12-05|11:25:20.101|[main]|INFO |o.s.c.s.DefaultLifecycleProcessor - Starting beans in phase 0 
2017-12-05|11:25:20.102|[main]|INFO |o.s.c.n.eureka.InstanceInfoFactory - Setting initial instance status as: STARTING 
2017-12-05|11:25:20.227|[main]|INFO |c.netflix.discovery.DiscoveryClient - Initializing Eureka in region us-east-1 
2017-12-05|11:25:20.399|[main]|INFO |c.n.d.p.DiscoveryJerseyProvider - Using JSON encoding codec LegacyJacksonJson 
2017-12-05|11:25:20.399|[main]|INFO |c.n.d.p.DiscoveryJerseyProvider - Using JSON decoding codec LegacyJacksonJson 
2017-12-05|11:25:20.602|[main]|INFO |c.n.d.p.DiscoveryJerseyProvider - Using XML encoding codec XStreamXml 
2017-12-05|11:25:20.602|[main]|INFO |c.n.d.p.DiscoveryJerseyProvider - Using XML decoding codec XStreamXml 
2017-12-05|11:25:21.054|[main]|INFO |c.n.d.s.r.aws.ConfigClusterResolver - Resolving eureka endpoints via configuration 
2017-12-05|11:25:21.397|[main]|INFO |c.netflix.discovery.DiscoveryClient - Starting heartbeat executor: renew interval is: 5 
2017-12-05|11:25:21.413|[main]|INFO |c.n.d.InstanceInfoReplicator - InstanceInfoReplicator onDemand update allowed rate per min is 4 
2017-12-05|11:25:21.413|[main]|INFO |c.netflix.discovery.DiscoveryClient - Discovery Client initialized at timestamp 1512453321413 with initial instances count: 0 
2017-12-05|11:25:21.663|[main]|INFO |o.s.c.n.e.s.EurekaServiceRegistry - Registering application course-catagory with eureka with status UP 
2017-12-05|11:25:21.679|[main]|INFO |c.netflix.discovery.DiscoveryClient - Saw local status change event StatusChangeEvent [timestamp=1512453321679, current=UP, previous=STARTING] 
2017-12-05|11:25:21.679|[DiscoveryClient-InstanceInfoReplicator-0]|INFO |c.netflix.discovery.DiscoveryClient - DiscoveryClient_COURSE-CATAGORY/localhost.shinigami.io:course-catagory:6001: registering service... 
2017-12-05|11:25:21.710|[main]|INFO |o.s.b.a.e.jmx.EndpointMBeanExporter - Located managed bean 'auditEventsEndpoint': registering with JMX server as MBean [org.springframework.boot:type=Endpoint,name=auditEventsEndpoint] 
2017-12-05|11:25:21.726|[main]|INFO |o.s.b.a.e.jmx.EndpointMBeanExporter - Located managed bean 'archaiusEndpoint': registering with JMX server as MBean [org.springframework.boot:type=Endpoint,name=archaiusEndpoint] 
2017-12-05|11:25:21.741|[main]|INFO |o.s.b.a.e.jmx.EndpointMBeanExporter - Located managed bean 'featuresEndpoint': registering with JMX server as MBean [org.springframework.boot:type=Endpoint,name=featuresEndpoint] 
2017-12-05|11:25:21.741|[main]|INFO |o.s.b.a.e.jmx.EndpointMBeanExporter - Located managed bean 'requestMappingEndpoint': registering with JMX server as MBean [org.springframework.boot:type=Endpoint,name=requestMappingEndpoint] 
2017-12-05|11:25:21.741|[main]|INFO |o.s.b.a.e.jmx.EndpointMBeanExporter - Located managed bean 'environmentEndpoint': registering with JMX server as MBean [org.springframework.boot:type=Endpoint,name=environmentEndpoint] 
2017-12-05|11:25:21.757|[main]|INFO |o.s.b.a.e.jmx.EndpointMBeanExporter - Located managed bean 'healthEndpoint': registering with JMX server as MBean [org.springframework.boot:type=Endpoint,name=healthEndpoint] 
2017-12-05|11:25:21.757|[main]|INFO |o.s.b.a.e.jmx.EndpointMBeanExporter - Located managed bean 'beansEndpoint': registering with JMX server as MBean [org.springframework.boot:type=Endpoint,name=beansEndpoint] 
2017-12-05|11:25:21.757|[main]|INFO |o.s.b.a.e.jmx.EndpointMBeanExporter - Located managed bean 'infoEndpoint': registering with JMX server as MBean [org.springframework.boot:type=Endpoint,name=infoEndpoint] 
2017-12-05|11:25:21.773|[main]|INFO |o.s.b.a.e.jmx.EndpointMBeanExporter - Located managed bean 'loggersEndpoint': registering with JMX server as MBean [org.springframework.boot:type=Endpoint,name=loggersEndpoint] 
2017-12-05|11:25:21.773|[main]|INFO |o.s.b.a.e.jmx.EndpointMBeanExporter - Located managed bean 'metricsEndpoint': registering with JMX server as MBean [org.springframework.boot:type=Endpoint,name=metricsEndpoint] 
2017-12-05|11:25:21.788|[main]|INFO |o.s.b.a.e.jmx.EndpointMBeanExporter - Located managed bean 'traceEndpoint': registering with JMX server as MBean [org.springframework.boot:type=Endpoint,name=traceEndpoint] 
2017-12-05|11:25:21.788|[main]|INFO |o.s.b.a.e.jmx.EndpointMBeanExporter - Located managed bean 'dumpEndpoint': registering with JMX server as MBean [org.springframework.boot:type=Endpoint,name=dumpEndpoint] 
2017-12-05|11:25:21.788|[main]|INFO |o.s.b.a.e.jmx.EndpointMBeanExporter - Located managed bean 'autoConfigurationReportEndpoint': registering with JMX server as MBean [org.springframework.boot:type=Endpoint,name=autoConfigurationReportEndpoint] 
2017-12-05|11:25:21.804|[main]|INFO |o.s.b.a.e.jmx.EndpointMBeanExporter - Located managed bean 'shutdownEndpoint': registering with JMX server as MBean [org.springframework.boot:type=Endpoint,name=shutdownEndpoint] 
2017-12-05|11:25:21.804|[main]|INFO |o.s.b.a.e.jmx.EndpointMBeanExporter - Located managed bean 'configurationPropertiesReportEndpoint': registering with JMX server as MBean [org.springframework.boot:type=Endpoint,name=configurationPropertiesReportEndpoint] 
2017-12-05|11:25:21.804|[main]|INFO |o.s.c.s.DefaultLifecycleProcessor - Starting beans in phase 2147483647 
2017-12-05|11:25:21.804|[main]|INFO |s.d.s.w.p.DocumentationPluginsBootstrapper - Context refreshed 
2017-12-05|11:25:21.835|[main]|INFO |s.d.s.w.p.DocumentationPluginsBootstrapper - Found 1 custom documentation plugin(s) 
2017-12-05|11:25:21.960|[main]|INFO |s.d.s.w.s.ApiListingReferenceScanner - Scanning for api listing references 
2017-12-05|11:25:22.273|[DiscoveryClient-InstanceInfoReplicator-0]|INFO |c.netflix.discovery.DiscoveryClient - DiscoveryClient_COURSE-CATAGORY/localhost.shinigami.io:course-catagory:6001 - registration status: 204 
2017-12-05|11:25:22.304|[main]|INFO |o.s.c.n.h.HystrixCircuitBreakerConfiguration$HystrixMetricsPollerConfiguration - Starting poller 
2017-12-05|11:25:22.335|[main]|INFO |o.a.c.spring.boot.RoutesCollector - Loading additional Camel XML routes from: classpath:camel/*.xml 
2017-12-05|11:25:22.351|[main]|INFO |o.a.c.spring.boot.RoutesCollector - Loading additional Camel XML rests from: classpath:camel-rest/*.xml 
2017-12-05|11:25:22.351|[main]|INFO |o.a.camel.spring.SpringCamelContext - Apache Camel 2.18.2 (CamelContext: camel-1) is starting 
2017-12-05|11:25:22.351|[main]|INFO |o.a.c.m.ManagedManagementStrategy - JMX is enabled 
2017-12-05|11:25:22.507|[main]|INFO |o.a.c.i.DefaultRuntimeEndpointRegistry - Runtime endpoint registry is in extended mode gathering usage statistics of all incoming and outgoing endpoints (cache limit: 1000) 
2017-12-05|11:25:22.507|[main]|INFO |o.a.camel.spring.SpringCamelContext - StreamCaching is not in use. If using streams then its recommended to enable stream caching. See more details at http://camel.apache.org/stream-caching.html 
2017-12-05|11:25:22.507|[main]|INFO |o.a.camel.spring.SpringCamelContext - Total 0 routes, of which 0 are started. 
2017-12-05|11:25:22.508|[main]|INFO |o.a.camel.spring.SpringCamelContext - Apache Camel 2.18.2 (CamelContext: camel-1) started in 0.156 seconds 
2017-12-05|11:25:22.539|[main]|INFO |o.a.coyote.http11.Http11NioProtocol - Initializing ProtocolHandler ["http-nio-6001"] 
2017-12-05|11:25:22.555|[main]|INFO |o.a.coyote.http11.Http11NioProtocol - Starting ProtocolHandler ["http-nio-6001"] 
2017-12-05|11:25:22.601|[main]|INFO |o.a.tomcat.util.net.NioSelectorPool - Using a shared selector for servlet write/read 
2017-12-05|11:25:22.664|[main]|INFO |o.s.b.c.e.t.TomcatEmbeddedServletContainer - Tomcat started on port(s): 6001 (http) 
2017-12-05|11:25:22.664|[main]|INFO |o.s.c.n.e.s.EurekaAutoServiceRegistration - Updating port to 6001 
2017-12-05|11:25:22.664|[main]|INFO |i.l.m.catagory.CourseCatagoryServer - Started CourseCatagoryServer in 57.09 seconds (JVM running for 59.37) 
2017-12-05|11:26:00.969|[http-nio-6001-exec-1]|INFO |o.a.c.c.C.[Tomcat].[localhost].[/] - Initializing Spring FrameworkServlet 'dispatcherServlet' 
2017-12-05|11:26:01.204|[http-nio-6001-exec-1]|INFO |i.l.s.BaseBasicAuthenticationEntryPoint - Authenticating Entry Point.... 
2017-12-05|11:30:21.711|[AsyncResolver-bootstrap-executor-0]|INFO |c.n.d.s.r.aws.ConfigClusterResolver - Resolving eureka endpoints via configuration 
2017-12-05|11:35:21.683|[AsyncResolver-bootstrap-executor-0]|INFO |c.n.d.s.r.aws.ConfigClusterResolver - Resolving eureka endpoints via configuration 
2017-12-05|11:37:14.707|[http-nio-6001-exec-5]|INFO |org.mongodb.driver.cluster - No server chosen by ReadPreferenceServerSelector{readPreference=primary} from cluster description ClusterDescription{type=UNKNOWN, connectionMode=SINGLE, serverDescriptions=[ServerDescription{address=localhost:27017, type=UNKNOWN, state=CONNECTING, exception={com.mongodb.MongoSocketOpenException: Exception opening socket}, caused by {java.net.ConnectException: Connection refused: connect}}]}. Waiting for 30000 ms before timing out 
2017-12-05|11:37:44.803|[http-nio-6001-exec-5]|ERROR|o.a.c.c.C.[.[.[.[dispatcherServlet] - Servlet.service() for servlet [dispatcherServlet] in context with path [] threw exception [Request processing failed; nested exception is org.springframework.dao.DataAccessResourceFailureException: Timed out after 30000 ms while waiting for a server that matches ReadPreferenceServerSelector{readPreference=primary}. Client view of cluster state is {type=UNKNOWN, servers=[{address=localhost:27017, type=UNKNOWN, state=CONNECTING, exception={com.mongodb.MongoSocketOpenException: Exception opening socket}, caused by {java.net.ConnectException: Connection refused: connect}}]; nested exception is com.mongodb.MongoTimeoutException: Timed out after 30000 ms while waiting for a server that matches ReadPreferenceServerSelector{readPreference=primary}. Client view of cluster state is {type=UNKNOWN, servers=[{address=localhost:27017, type=UNKNOWN, state=CONNECTING, exception={com.mongodb.MongoSocketOpenException: Exception opening socket}, caused by {java.net.ConnectException: Connection refused: connect}}]] with root cause 
com.mongodb.MongoTimeoutException: Timed out after 30000 ms while waiting for a server that matches ReadPreferenceServerSelector{readPreference=primary}. Client view of cluster state is {type=UNKNOWN, servers=[{address=localhost:27017, type=UNKNOWN, state=CONNECTING, exception={com.mongodb.MongoSocketOpenException: Exception opening socket}, caused by {java.net.ConnectException: Connection refused: connect}}]
	at com.mongodb.connection.BaseCluster.createTimeoutException(BaseCluster.java:377)
	at com.mongodb.connection.BaseCluster.selectServer(BaseCluster.java:104)
	at com.mongodb.binding.ClusterBinding$ClusterBindingConnectionSource.<init>(ClusterBinding.java:75)
	at com.mongodb.binding.ClusterBinding$ClusterBindingConnectionSource.<init>(ClusterBinding.java:71)
	at com.mongodb.binding.ClusterBinding.getReadConnectionSource(ClusterBinding.java:63)
	at com.mongodb.operation.OperationHelper.withConnection(OperationHelper.java:406)
	at com.mongodb.operation.FindOperation.execute(FindOperation.java:510)
	at com.mongodb.operation.FindOperation.execute(FindOperation.java:81)
	at com.mongodb.Mongo.execute(Mongo.java:836)
	at com.mongodb.Mongo$2.execute(Mongo.java:823)
	at com.mongodb.DBCursor.initializeCursor(DBCursor.java:870)
	at com.mongodb.DBCursor.hasNext(DBCursor.java:142)
	at org.springframework.data.mongodb.core.MongoTemplate.executeFindMultiInternal(MongoTemplate.java:1967)
	at org.springframework.data.mongodb.core.MongoTemplate.doFind(MongoTemplate.java:1787)
	at org.springframework.data.mongodb.core.MongoTemplate.doFind(MongoTemplate.java:1770)
	at org.springframework.data.mongodb.core.MongoTemplate.find(MongoTemplate.java:644)
	at io.lms.hibernate.repository.impl.AbstractRepositoryImpl.getEntityForProcessing(AbstractRepositoryImpl.java:96)
	at io.lms.hibernate.course.CourseCatagoryRepository.getResourceList(CourseCatagoryRepository.java:65)
	at io.lms.hibernate.course.CourseCatagoryRepository$$FastClassBySpringCGLIB$$9fa5dfb2.invoke(<generated>)
	at org.springframework.cglib.proxy.MethodProxy.invoke(MethodProxy.java:204)
	at org.springframework.aop.framework.CglibAopProxy$CglibMethodInvocation.invokeJoinpoint(CglibAopProxy.java:738)
	at org.springframework.aop.framework.ReflectiveMethodInvocation.proceed(ReflectiveMethodInvocation.java:157)
	at org.springframework.dao.support.PersistenceExceptionTranslationInterceptor.invoke(PersistenceExceptionTranslationInterceptor.java:136)
	at org.springframework.aop.framework.ReflectiveMethodInvocation.proceed(ReflectiveMethodInvocation.java:179)
	at org.springframework.aop.interceptor.ExposeInvocationInterceptor.invoke(ExposeInvocationInterceptor.java:92)
	at org.springframework.aop.framework.ReflectiveMethodInvocation.proceed(ReflectiveMethodInvocation.java:179)
	at org.springframework.aop.framework.CglibAopProxy$DynamicAdvisedInterceptor.intercept(CglibAopProxy.java:673)
	at io.lms.hibernate.course.CourseCatagoryRepository$$EnhancerBySpringCGLIB$$4f55a700.getResourceList(<generated>)
	at io.lms.micro.catagory.CourseCatagoryService.getCourseCatagoryList(CourseCatagoryService.java:44)
	at io.lms.micro.catagory.CourseCatagoryController.list(CourseCatagoryController.java:47)
	at sun.reflect.NativeMethodAccessorImpl.invoke0(Native Method)
	at sun.reflect.NativeMethodAccessorImpl.invoke(NativeMethodAccessorImpl.java:62)
	at sun.reflect.DelegatingMethodAccessorImpl.invoke(DelegatingMethodAccessorImpl.java:43)
	at java.lang.reflect.Method.invoke(Method.java:498)
	at org.springframework.web.method.support.InvocableHandlerMethod.doInvoke(InvocableHandlerMethod.java:205)
	at org.springframework.web.method.support.InvocableHandlerMethod.invokeForRequest(InvocableHandlerMethod.java:133)
	at org.springframework.web.servlet.mvc.method.annotation.ServletInvocableHandlerMethod.invokeAndHandle(ServletInvocableHandlerMethod.java:97)
	at org.springframework.web.servlet.mvc.method.annotation.RequestMappingHandlerAdapter.invokeHandlerMethod(RequestMappingHandlerAdapter.java:827)
	at org.springframework.web.servlet.mvc.method.annotation.RequestMappingHandlerAdapter.handleInternal(RequestMappingHandlerAdapter.java:738)
	at org.springframework.web.servlet.mvc.method.AbstractHandlerMethodAdapter.handle(AbstractHandlerMethodAdapter.java:85)
	at org.springframework.web.servlet.DispatcherServlet.doDispatch(DispatcherServlet.java:967)
	at org.springframework.web.servlet.DispatcherServlet.doService(DispatcherServlet.java:901)
	at org.springframework.web.servlet.FrameworkServlet.processRequest(FrameworkServlet.java:970)
	at org.springframework.web.servlet.FrameworkServlet.doPost(FrameworkServlet.java:872)
	at javax.servlet.http.HttpServlet.service(HttpServlet.java:661)
	at org.springframework.web.servlet.FrameworkServlet.service(FrameworkServlet.java:846)
	at javax.servlet.http.HttpServlet.service(HttpServlet.java:742)
	at org.apache.catalina.core.ApplicationFilterChain.internalDoFilter(ApplicationFilterChain.java:231)
	at org.apache.catalina.core.ApplicationFilterChain.doFilter(ApplicationFilterChain.java:166)
	at org.apache.tomcat.websocket.server.WsFilter.doFilter(WsFilter.java:52)
	at org.apache.catalina.core.ApplicationFilterChain.internalDoFilter(ApplicationFilterChain.java:193)
	at org.apache.catalina.core.ApplicationFilterChain.doFilter(ApplicationFilterChain.java:166)
	at org.springframework.boot.web.filter.ApplicationContextHeaderFilter.doFilterInternal(ApplicationContextHeaderFilter.java:55)
	at org.springframework.web.filter.OncePerRequestFilter.doFilter(OncePerRequestFilter.java:107)
	at org.apache.catalina.core.ApplicationFilterChain.internalDoFilter(ApplicationFilterChain.java:193)
	at org.apache.catalina.core.ApplicationFilterChain.doFilter(ApplicationFilterChain.java:166)
	at org.springframework.boot.actuate.trace.WebRequestTraceFilter.doFilterInternal(WebRequestTraceFilter.java:110)
	at org.springframework.web.filter.OncePerRequestFilter.doFilter(OncePerRequestFilter.java:107)
	at org.apache.catalina.core.ApplicationFilterChain.internalDoFilter(ApplicationFilterChain.java:193)
	at org.apache.catalina.core.ApplicationFilterChain.doFilter(ApplicationFilterChain.java:166)
	at org.springframework.security.web.FilterChainProxy$VirtualFilterChain.doFilter(FilterChainProxy.java:317)
	at org.springframework.security.web.access.intercept.FilterSecurityInterceptor.invoke(FilterSecurityInterceptor.java:127)
	at org.springframework.security.web.access.intercept.FilterSecurityInterceptor.doFilter(FilterSecurityInterceptor.java:91)
	at org.springframework.security.web.FilterChainProxy$VirtualFilterChain.doFilter(FilterChainProxy.java:331)
	at org.springframework.security.web.access.ExceptionTranslationFilter.doFilter(ExceptionTranslationFilter.java:114)
	at org.springframework.security.web.FilterChainProxy$VirtualFilterChain.doFilter(FilterChainProxy.java:331)
	at org.springframework.security.web.session.SessionManagementFilter.doFilter(SessionManagementFilter.java:137)
	at org.springframework.security.web.FilterChainProxy$VirtualFilterChain.doFilter(FilterChainProxy.java:331)
	at org.springframework.security.web.authentication.AnonymousAuthenticationFilter.doFilter(AnonymousAuthenticationFilter.java:111)
	at org.springframework.security.web.FilterChainProxy$VirtualFilterChain.doFilter(FilterChainProxy.java:331)
	at org.springframework.security.web.servletapi.SecurityContextHolderAwareRequestFilter.doFilter(SecurityContextHolderAwareRequestFilter.java:170)
	at org.springframework.security.web.FilterChainProxy$VirtualFilterChain.doFilter(FilterChainProxy.java:331)
	at org.springframework.security.web.savedrequest.RequestCacheAwareFilter.doFilter(RequestCacheAwareFilter.java:63)
	at org.springframework.security.web.FilterChainProxy$VirtualFilterChain.doFilter(FilterChainProxy.java:331)
	at org.springframework.security.web.authentication.www.BasicAuthenticationFilter.doFilterInternal(BasicAuthenticationFilter.java:215)
	at org.springframework.web.filter.OncePerRequestFilter.doFilter(OncePerRequestFilter.java:107)
	at org.springframework.security.web.FilterChainProxy$VirtualFilterChain.doFilter(FilterChainProxy.java:331)
	at org.springframework.security.web.authentication.logout.LogoutFilter.doFilter(LogoutFilter.java:116)
	at org.springframework.security.web.FilterChainProxy$VirtualFilterChain.doFilter(FilterChainProxy.java:331)
	at org.springframework.security.web.header.HeaderWriterFilter.doFilterInternal(HeaderWriterFilter.java:64)
	at org.springframework.web.filter.OncePerRequestFilter.doFilter(OncePerRequestFilter.java:107)
	at org.springframework.security.web.FilterChainProxy$VirtualFilterChain.doFilter(FilterChainProxy.java:331)
	at org.springframework.security.web.context.SecurityContextPersistenceFilter.doFilter(SecurityContextPersistenceFilter.java:105)
	at org.springframework.security.web.FilterChainProxy$VirtualFilterChain.doFilter(FilterChainProxy.java:331)
	at org.springframework.security.web.context.request.async.WebAsyncManagerIntegrationFilter.doFilterInternal(WebAsyncManagerIntegrationFilter.java:56)
	at org.springframework.web.filter.OncePerRequestFilter.doFilter(OncePerRequestFilter.java:107)
	at org.springframework.security.web.FilterChainProxy$VirtualFilterChain.doFilter(FilterChainProxy.java:331)
	at org.springframework.security.web.FilterChainProxy.doFilterInternal(FilterChainProxy.java:214)
	at org.springframework.security.web.FilterChainProxy.doFilter(FilterChainProxy.java:177)
	at org.springframework.web.filter.DelegatingFilterProxy.invokeDelegate(DelegatingFilterProxy.java:346)
	at org.springframework.web.filter.DelegatingFilterProxy.doFilter(DelegatingFilterProxy.java:262)
	at org.apache.catalina.core.ApplicationFilterChain.internalDoFilter(ApplicationFilterChain.java:193)
	at org.apache.catalina.core.ApplicationFilterChain.doFilter(ApplicationFilterChain.java:166)
	at org.springframework.web.filter.RequestContextFilter.doFilterInternal(RequestContextFilter.java:99)
	at org.springframework.web.filter.OncePerRequestFilter.doFilter(OncePerRequestFilter.java:107)
	at org.apache.catalina.core.ApplicationFilterChain.internalDoFilter(ApplicationFilterChain.java:193)
	at org.apache.catalina.core.ApplicationFilterChain.doFilter(ApplicationFilterChain.java:166)
	at org.springframework.web.filter.HttpPutFormContentFilter.doFilterInternal(HttpPutFormContentFilter.java:108)
	at org.springframework.web.filter.OncePerRequestFilter.doFilter(OncePerRequestFilter.java:107)
	at org.apache.catalina.core.ApplicationFilterChain.internalDoFilter(ApplicationFilterChain.java:193)
	at org.apache.catalina.core.ApplicationFilterChain.doFilter(ApplicationFilterChain.java:166)
	at org.springframework.web.filter.HiddenHttpMethodFilter.doFilterInternal(HiddenHttpMethodFilter.java:81)
	at org.springframework.web.filter.OncePerRequestFilter.doFilter(OncePerRequestFilter.java:107)
	at org.apache.catalina.core.ApplicationFilterChain.internalDoFilter(ApplicationFilterChain.java:193)
	at org.apache.catalina.core.ApplicationFilterChain.doFilter(ApplicationFilterChain.java:166)
	at org.springframework.web.filter.CharacterEncodingFilter.doFilterInternal(CharacterEncodingFilter.java:197)
	at org.springframework.web.filter.OncePerRequestFilter.doFilter(OncePerRequestFilter.java:107)
	at org.apache.catalina.core.ApplicationFilterChain.internalDoFilter(ApplicationFilterChain.java:193)
	at org.apache.catalina.core.ApplicationFilterChain.doFilter(ApplicationFilterChain.java:166)
	at org.springframework.boot.actuate.autoconfigure.MetricsFilter.doFilterInternal(MetricsFilter.java:106)
	at org.springframework.web.filter.OncePerRequestFilter.doFilter(OncePerRequestFilter.java:107)
	at org.apache.catalina.core.ApplicationFilterChain.internalDoFilter(ApplicationFilterChain.java:193)
	at org.apache.catalina.core.ApplicationFilterChain.doFilter(ApplicationFilterChain.java:166)
	at org.apache.catalina.core.StandardWrapperValve.invoke(StandardWrapperValve.java:198)
	at org.apache.catalina.core.StandardContextValve.invoke(StandardContextValve.java:96)
	at org.apache.catalina.authenticator.AuthenticatorBase.invoke(AuthenticatorBase.java:478)
	at org.apache.catalina.core.StandardHostValve.invoke(StandardHostValve.java:140)
	at org.apache.catalina.valves.ErrorReportValve.invoke(ErrorReportValve.java:80)
	at org.apache.catalina.core.StandardEngineValve.invoke(StandardEngineValve.java:87)
	at org.apache.catalina.connector.CoyoteAdapter.service(CoyoteAdapter.java:342)
	at org.apache.coyote.http11.Http11Processor.service(Http11Processor.java:799)
	at org.apache.coyote.AbstractProcessorLight.process(AbstractProcessorLight.java:66)
	at org.apache.coyote.AbstractProtocol$ConnectionHandler.process(AbstractProtocol.java:868)
	at org.apache.tomcat.util.net.NioEndpoint$SocketProcessor.doRun(NioEndpoint.java:1457)
	at org.apache.tomcat.util.net.SocketProcessorBase.run(SocketProcessorBase.java:49)
	at java.util.concurrent.ThreadPoolExecutor.runWorker(ThreadPoolExecutor.java:1142)
	at java.util.concurrent.ThreadPoolExecutor$Worker.run(ThreadPoolExecutor.java:617)
	at org.apache.tomcat.util.threads.TaskThread$WrappingRunnable.run(TaskThread.java:61)
	at java.lang.Thread.run(Thread.java:745)
2017-12-05|11:40:21.714|[AsyncResolver-bootstrap-executor-0]|INFO |c.n.d.s.r.aws.ConfigClusterResolver - Resolving eureka endpoints via configuration 
2017-12-05|11:43:18.213|[http-nio-6001-exec-7]|INFO |i.l.s.BaseBasicAuthenticationEntryPoint - Authenticating Entry Point.... 
2017-12-05|11:44:11.073|[cluster-ClusterId{value='5a2634a901202b2258a5598e', description='null'}-localhost:27017]|INFO |org.mongodb.driver.connection - Opened connection [connectionId{localValue:124, serverValue:1}] to localhost:27017 
2017-12-05|11:44:11.080|[cluster-ClusterId{value='5a2634a901202b2258a5598e', description='null'}-localhost:27017]|INFO |org.mongodb.driver.cluster - Monitor thread successfully connected to server with description ServerDescription{address=localhost:27017, type=STANDALONE, state=CONNECTED, ok=true, version=ServerVersion{versionList=[3, 4, 10]}, minWireVersion=0, maxWireVersion=5, maxDocumentSize=16777216, roundTripTimeNanos=4132490} 
2017-12-05|11:44:17.634|[http-nio-6001-exec-3]|INFO |org.mongodb.driver.connection - Opened connection [connectionId{localValue:125, serverValue:2}] to localhost:27017 
2017-12-05|11:45:21.683|[AsyncResolver-bootstrap-executor-0]|INFO |c.n.d.s.r.aws.ConfigClusterResolver - Resolving eureka endpoints via configuration 
2017-12-05|11:50:21.671|[AsyncResolver-bootstrap-executor-0]|INFO |c.n.d.s.r.aws.ConfigClusterResolver - Resolving eureka endpoints via configuration 
2017-12-05|11:55:21.659|[AsyncResolver-bootstrap-executor-0]|INFO |c.n.d.s.r.aws.ConfigClusterResolver - Resolving eureka endpoints via configuration 
2017-12-05|12:00:21.646|[AsyncResolver-bootstrap-executor-0]|INFO |c.n.d.s.r.aws.ConfigClusterResolver - Resolving eureka endpoints via configuration 
2017-12-05|12:05:21.634|[AsyncResolver-bootstrap-executor-0]|INFO |c.n.d.s.r.aws.ConfigClusterResolver - Resolving eureka endpoints via configuration 
2017-12-05|12:10:21.622|[AsyncResolver-bootstrap-executor-0]|INFO |c.n.d.s.r.aws.ConfigClusterResolver - Resolving eureka endpoints via configuration 
2017-12-05|12:15:21.611|[AsyncResolver-bootstrap-executor-0]|INFO |c.n.d.s.r.aws.ConfigClusterResolver - Resolving eureka endpoints via configuration 
2017-12-05|12:20:21.598|[AsyncResolver-bootstrap-executor-0]|INFO |c.n.d.s.r.aws.ConfigClusterResolver - Resolving eureka endpoints via configuration 
2017-12-05|12:25:21.586|[AsyncResolver-bootstrap-executor-0]|INFO |c.n.d.s.r.aws.ConfigClusterResolver - Resolving eureka endpoints via configuration 
2017-12-05|12:28:12.019|[RMI TCP Connection(74)-127.0.0.1]|INFO |o.s.b.a.SpringApplicationAdminMXBeanRegistrar$SpringApplicationAdmin - Application shutdown requested. 
2017-12-05|12:28:12.020|[RMI TCP Connection(74)-127.0.0.1]|INFO |o.s.b.c.e.AnnotationConfigEmbeddedWebApplicationContext - Closing org.springframework.boot.context.embedded.AnnotationConfigEmbeddedWebApplicationContext@5fb97279: startup date [Tue Dec 05 11:24:31 IST 2017]; parent: org.springframework.context.annotation.AnnotationConfigApplicationContext@413d1baf 
2017-12-05|12:28:12.021|[RMI TCP Connection(74)-127.0.0.1]|INFO |o.s.c.n.e.s.EurekaServiceRegistry - Unregistering application course-catagory with eureka with status DOWN 
2017-12-05|12:28:12.021|[RMI TCP Connection(74)-127.0.0.1]|WARN |c.netflix.discovery.DiscoveryClient - Saw local status change event StatusChangeEvent [timestamp=1512457092021, current=DOWN, previous=UP] 
2017-12-05|12:28:12.022|[RMI TCP Connection(74)-127.0.0.1]|INFO |c.netflix.discovery.DiscoveryClient - Shutting down DiscoveryClient ... 
2017-12-05|12:28:12.041|[RMI TCP Connection(74)-127.0.0.1]|INFO |c.netflix.discovery.DiscoveryClient - Unregistering ... 
2017-12-05|12:28:12.110|[RMI TCP Connection(74)-127.0.0.1]|INFO |c.netflix.discovery.DiscoveryClient - DiscoveryClient_COURSE-CATAGORY/localhost.shinigami.io:course-catagory:6001 - deregister  status: 200 
2017-12-05|12:28:12.124|[RMI TCP Connection(74)-127.0.0.1]|INFO |c.netflix.discovery.DiscoveryClient - Completed shut down of DiscoveryClient 
2017-12-05|12:28:12.131|[RMI TCP Connection(74)-127.0.0.1]|INFO |o.s.c.s.DefaultLifecycleProcessor - Stopping beans in phase 2147483647 
2017-12-05|12:28:12.133|[RMI TCP Connection(74)-127.0.0.1]|INFO |o.s.c.s.DefaultLifecycleProcessor - Stopping beans in phase 0 
2017-12-05|12:28:12.163|[RMI TCP Connection(74)-127.0.0.1]|INFO |o.s.b.a.e.jmx.EndpointMBeanExporter - Unregistering JMX-exposed beans on shutdown 
2017-12-05|12:28:12.169|[RMI TCP Connection(74)-127.0.0.1]|INFO |o.s.b.a.e.jmx.EndpointMBeanExporter - Unregistering JMX-exposed beans 
2017-12-05|12:28:12.170|[RMI TCP Connection(74)-127.0.0.1]|INFO |o.s.j.e.a.AnnotationMBeanExporter - Unregistering JMX-exposed beans on shutdown 
2017-12-05|12:28:12.170|[RMI TCP Connection(74)-127.0.0.1]|INFO |o.s.j.e.a.AnnotationMBeanExporter - Unregistering JMX-exposed beans 
2017-12-05|12:28:12.328|[RMI TCP Connection(74)-127.0.0.1]|WARN |c.n.c.s.URLConfigurationSource - No URLs will be polled as dynamic configuration sources. 
2017-12-05|12:28:12.329|[RMI TCP Connection(74)-127.0.0.1]|INFO |c.n.c.s.URLConfigurationSource - To enable URLs as dynamic configuration sources, define System property archaius.configurationSource.additionalUrls or make config.properties available on classpath. 
2017-12-05|12:28:12.349|[RMI TCP Connection(74)-127.0.0.1]|INFO |o.a.camel.spring.SpringCamelContext - Apache Camel 2.18.2 (CamelContext: camel-1) is shutting down 
2017-12-05|12:28:12.516|[RMI TCP Connection(74)-127.0.0.1]|INFO |o.a.camel.spring.SpringCamelContext - Apache Camel 2.18.2 (CamelContext: camel-1) uptime 1 hour 2 minutes 
2017-12-05|12:28:12.518|[RMI TCP Connection(74)-127.0.0.1]|INFO |o.a.camel.spring.SpringCamelContext - Apache Camel 2.18.2 (CamelContext: camel-1) is shutdown in 0.166 seconds 
2017-12-05|12:28:12.522|[RMI TCP Connection(74)-127.0.0.1]|INFO |o.s.o.j.LocalContainerEntityManagerFactoryBean - Closing JPA EntityManagerFactory for persistence unit 'default' 
2017-12-05|12:28:12.522|[RMI TCP Connection(74)-127.0.0.1]|INFO |o.h.tool.hbm2ddl.SchemaExport - HHH000227: Running hbm2ddl schema export 
2017-12-05|12:28:12.540|[RMI TCP Connection(74)-127.0.0.1]|INFO |o.h.tool.hbm2ddl.SchemaExport - HHH000230: Schema export complete 
2017-12-05|12:28:12.570|[RMI TCP Connection(74)-127.0.0.1]|INFO |o.a.coyote.http11.Http11NioProtocol - Pausing ProtocolHandler ["http-nio-6001"] 
2017-12-05|12:28:12.987|[RMI TCP Connection(74)-127.0.0.1]|INFO |o.a.catalina.core.StandardService - Stopping service [Tomcat] 
2017-12-05|12:28:12.995|[localhost-startStop-2]|INFO |o.a.c.c.C.[Tomcat].[localhost].[/] - Destroying Spring FrameworkServlet 'dispatcherServlet' 
2017-12-05|12:28:13.040|[localhost-startStop-2]|WARN |o.a.c.loader.WebappClassLoaderBase - The web application [ROOT] appears to have started a thread named [RxIoScheduler-1 (Evictor)] but has failed to stop it. This is very likely to create a memory leak. Stack trace of thread:
 sun.misc.Unsafe.park(Native Method)
 java.util.concurrent.locks.LockSupport.parkNanos(LockSupport.java:215)
 java.util.concurrent.locks.AbstractQueuedSynchronizer$ConditionObject.awaitNanos(AbstractQueuedSynchronizer.java:2078)
 java.util.concurrent.ScheduledThreadPoolExecutor$DelayedWorkQueue.take(ScheduledThreadPoolExecutor.java:1093)
 java.util.concurrent.ScheduledThreadPoolExecutor$DelayedWorkQueue.take(ScheduledThreadPoolExecutor.java:809)
 java.util.concurrent.ThreadPoolExecutor.getTask(ThreadPoolExecutor.java:1067)
 java.util.concurrent.ThreadPoolExecutor.runWorker(ThreadPoolExecutor.java:1127)
 java.util.concurrent.ThreadPoolExecutor$Worker.run(ThreadPoolExecutor.java:617)
 java.lang.Thread.run(Thread.java:745) 
2017-12-05|12:28:13.067|[RMI TCP Connection(74)-127.0.0.1]|INFO |o.a.coyote.http11.Http11NioProtocol - Stopping ProtocolHandler ["http-nio-6001"] 
2017-12-05|12:28:13.087|[RMI TCP Connection(74)-127.0.0.1]|INFO |o.a.coyote.http11.Http11NioProtocol - Destroying ProtocolHandler ["http-nio-6001"] 
